{"/Users/jontaylor/ForFunProjects/DevJonTaylor.github.io/portfolio/src/boot/axios.js": {"path":"/Users/jontaylor/ForFunProjects/DevJonTaylor.github.io/portfolio/src/boot/axios.js","statementMap":{"0":{"start":{"line":4,"column":0},"end":{"line":4,"column":28}}},"fnMap":{},"branchMap":{},"s":{"0":0},"f":{},"b":{},"hash":"226c0441d2af12048ba9bc3953c967052b7a3543"}
,"/Users/jontaylor/ForFunProjects/DevJonTaylor.github.io/portfolio/src/layouts/MainLayout.vue": {"path":"/Users/jontaylor/ForFunProjects/DevJonTaylor.github.io/portfolio/src/layouts/MainLayout.vue","statementMap":{"0":{"start":{"line":45,"column":0},"end":{"line":45,"column":null}},"1":{"start":{"line":55,"column":0},"end":{"line":55,"column":null}}},"fnMap":{"0":{"name":"data","decl":{"start":{"line":54,"column":0},"end":{"line":54,"column":null}},"loc":{"start":{"line":54,"column":0},"end":{"line":96,"column":null}}}},"branchMap":{},"s":{"0":0,"1":0},"f":{"0":0},"b":{}}
,"/Users/jontaylor/ForFunProjects/DevJonTaylor.github.io/portfolio/src/router/index.js": {"path":"/Users/jontaylor/ForFunProjects/DevJonTaylor.github.io/portfolio/src/router/index.js","statementMap":{"0":{"start":{"line":6,"column":0},"end":{"line":6,"column":18}},"1":{"start":{"line":18,"column":17},"end":{"line":27,"column":4}},"2":{"start":{"line":19,"column":27},"end":{"line":19,"column":41}},"3":{"start":{"line":29,"column":2},"end":{"line":29,"column":15}}},"fnMap":{"0":{"name":"(anonymous_0)","decl":{"start":{"line":17,"column":15},"end":{"line":17,"column":16}},"loc":{"start":{"line":17,"column":54},"end":{"line":30,"column":1}},"line":17},"1":{"name":"(anonymous_1)","decl":{"start":{"line":19,"column":20},"end":{"line":19,"column":21}},"loc":{"start":{"line":19,"column":27},"end":{"line":19,"column":41}},"line":19}},"branchMap":{},"s":{"0":0,"1":0,"2":0,"3":0},"f":{"0":0,"1":0},"b":{},"hash":"9fb8f1221c6c5be45247cc4ddd2c90d027f796c2"}
,"/Users/jontaylor/ForFunProjects/DevJonTaylor.github.io/portfolio/src/router/routes.js": {"path":"/Users/jontaylor/ForFunProjects/DevJonTaylor.github.io/portfolio/src/router/routes.js","statementMap":{"0":{"start":{"line":2,"column":15},"end":{"line":10,"column":1}},"1":{"start":{"line":5,"column":21},"end":{"line":5,"column":53}},"2":{"start":{"line":7,"column":35},"end":{"line":7,"column":60}},"3":{"start":{"line":13,"column":0},"end":{"line":18,"column":1}},"4":{"start":{"line":14,"column":2},"end":{"line":17,"column":4}},"5":{"start":{"line":16,"column":21},"end":{"line":16,"column":49}}},"fnMap":{"0":{"name":"(anonymous_0)","decl":{"start":{"line":5,"column":15},"end":{"line":5,"column":16}},"loc":{"start":{"line":5,"column":21},"end":{"line":5,"column":53}},"line":5},"1":{"name":"(anonymous_1)","decl":{"start":{"line":7,"column":29},"end":{"line":7,"column":30}},"loc":{"start":{"line":7,"column":35},"end":{"line":7,"column":60}},"line":7},"2":{"name":"(anonymous_2)","decl":{"start":{"line":16,"column":15},"end":{"line":16,"column":16}},"loc":{"start":{"line":16,"column":21},"end":{"line":16,"column":49}},"line":16}},"branchMap":{"0":{"loc":{"start":{"line":13,"column":0},"end":{"line":18,"column":1}},"type":"if","locations":[{"start":{"line":13,"column":0},"end":{"line":18,"column":1}},{"start":{"line":13,"column":0},"end":{"line":18,"column":1}}],"line":13}},"s":{"0":0,"1":0,"2":0,"3":0,"4":0,"5":0},"f":{"0":0,"1":0,"2":0},"b":{"0":[0,0]},"hash":"36c666f08a8d4d5e21203fa42490b42b259b78a3"}
,"/Users/jontaylor/ForFunProjects/DevJonTaylor.github.io/portfolio/src/store/index.js": {"path":"/Users/jontaylor/ForFunProjects/DevJonTaylor.github.io/portfolio/src/store/index.js","statementMap":{"0":{"start":{"line":6,"column":0},"end":{"line":6,"column":13}},"1":{"start":{"line":18,"column":16},"end":{"line":26,"column":4}},"2":{"start":{"line":28,"column":2},"end":{"line":28,"column":14}}},"fnMap":{"0":{"name":"(anonymous_0)","decl":{"start":{"line":17,"column":15},"end":{"line":17,"column":16}},"loc":{"start":{"line":17,"column":47},"end":{"line":29,"column":1}},"line":17}},"branchMap":{},"s":{"0":0,"1":0,"2":0},"f":{"0":0},"b":{},"hash":"6c0e7016546d6f4be257726b1ccddc5931b49c1b"}
,"/Users/jontaylor/ForFunProjects/DevJonTaylor.github.io/portfolio/src/store/module-example/actions.js": {"path":"/Users/jontaylor/ForFunProjects/DevJonTaylor.github.io/portfolio/src/store/module-example/actions.js","statementMap":{},"fnMap":{"0":{"name":"someAction","decl":{"start":{"line":1,"column":16},"end":{"line":1,"column":26}},"loc":{"start":{"line":1,"column":43},"end":{"line":2,"column":1}},"line":1}},"branchMap":{},"s":{},"f":{"0":0},"b":{},"hash":"f4392dd27a4cffaa63649463e8c7169171705bd4"}
,"/Users/jontaylor/ForFunProjects/DevJonTaylor.github.io/portfolio/src/store/module-example/getters.js": {"path":"/Users/jontaylor/ForFunProjects/DevJonTaylor.github.io/portfolio/src/store/module-example/getters.js","statementMap":{},"fnMap":{"0":{"name":"someGetter","decl":{"start":{"line":1,"column":16},"end":{"line":1,"column":26}},"loc":{"start":{"line":1,"column":41},"end":{"line":2,"column":1}},"line":1}},"branchMap":{},"s":{},"f":{"0":0},"b":{},"hash":"32293318a8e5c4c7692ed585812f5c79cc70af70"}
,"/Users/jontaylor/ForFunProjects/DevJonTaylor.github.io/portfolio/src/store/module-example/index.js": {"path":"/Users/jontaylor/ForFunProjects/DevJonTaylor.github.io/portfolio/src/store/module-example/index.js","statementMap":{},"fnMap":{},"branchMap":{},"s":{},"f":{},"b":{},"hash":"4ded6f70d330ec6ece3d47bc63d4c8288c8893fe"}
,"/Users/jontaylor/ForFunProjects/DevJonTaylor.github.io/portfolio/src/store/module-example/mutations.js": {"path":"/Users/jontaylor/ForFunProjects/DevJonTaylor.github.io/portfolio/src/store/module-example/mutations.js","statementMap":{},"fnMap":{"0":{"name":"someMutation","decl":{"start":{"line":1,"column":16},"end":{"line":1,"column":28}},"loc":{"start":{"line":1,"column":43},"end":{"line":2,"column":1}},"line":1}},"branchMap":{},"s":{},"f":{"0":0},"b":{},"hash":"98a06a8411969dadf6f80fba720d7d292714550e"}
,"/Users/jontaylor/ForFunProjects/DevJonTaylor.github.io/portfolio/src/store/module-example/state.js": {"path":"/Users/jontaylor/ForFunProjects/DevJonTaylor.github.io/portfolio/src/store/module-example/state.js","statementMap":{"0":{"start":{"line":2,"column":2},"end":{"line":4,"column":3}}},"fnMap":{"0":{"name":"(anonymous_0)","decl":{"start":{"line":1,"column":15},"end":{"line":1,"column":16}},"loc":{"start":{"line":1,"column":27},"end":{"line":5,"column":1}},"line":1}},"branchMap":{},"s":{"0":0},"f":{"0":0},"b":{},"hash":"8af49149256beafb41b25c5cfedd827fe4256503"}
}
